<?xml version="1.0" encoding="UTF-8"?>
<testsuite xmlns:xsi="http://www.w3.org/2001/XMLSchema-instance" xsi:noNamespaceSchemaLocation="https://maven.apache.org/surefire/maven-surefire-plugin/xsd/surefire-test-report.xsd" version="3.0.2" name="com.accenture.challenge.WebTablesBonusTest" time="73.678" tests="2" errors="0" skipped="1" failures="0">
  <properties>
[...]
</properties>
  <testcase name="Criar, editar e excluir o mesmo registro" classname="Manutenção de registros em Web Tables" time="0.0">
    <skipped message="&apos;cucumber.filter.tags=@ui-bonus-01&apos; did not match this scenario"/>
  </testcase>
  <testcase name="Criar e excluir doze registros dinâmicos" classname="Manutenção de registros em Web Tables" time="72.968">
    <system-out><![CDATA[
@slide-06 @web-tables @ui-bonus-01
Cenário: Criar e excluir doze registros dinâmicos   &amp#27;[90m# features/06_web_tables.feature:16&amp#27;[0m
  &amp#27;[32mDado &amp#27;[0m&amp#27;[32mque acesso Elements e Web Tables&amp#27;[0m             &amp#27;[90m# com.accenture.challenge.WebTablesSteps.accessWebTables()&amp#27;[0m

    Semente dos dados: 1789786955799


    Registros criados dinamicamente: 12

  &amp#27;[32mQuando &amp#27;[0m&amp#27;[32mcrio &amp#27;[0m&amp#27;[32m&amp#27;[1m12&amp#27;[0m&amp#27;[32m registros com dados únicos&amp#27;[0m         &amp#27;[90m# com.accenture.challenge.WebTablesSteps.createDynamicRecords(int)&amp#27;[0m

    IDs de exclusão observados: {qa.webtable.1789786955799.0@example.com=delete-record-4, qa.webtable.1789786955799.1@example.com=delete-record-5, qa.webtable.1789786955799.2@example.com=delete-record-6, qa.webtable.1789786955799.3@example.com=delete-record-7, qa.webtable.1789786955799.4@example.com=delete-record-8, qa.webtable.1789786955799.5@example.com=delete-record-9, qa.webtable.1789786955799.6@example.com=delete-record-10, qa.webtable.1789786955799.7@example.com=delete-record-11, qa.webtable.1789786955799.8@example.com=delete-record-12, qa.webtable.1789786955799.9@example.com=delete-record-13, qa.webtable.1789786955799.10@example.com=delete-record-14, qa.webtable.1789786955799.11@example.com=delete-record-15}


    Quantidade de IDs de exclusão distintos: 12


    Embedding doze-registros-criados-ui-bonus-01 [image/png 133420 bytes]

  &amp#27;[32mEntão &amp#27;[0m&amp#27;[32mos &amp#27;[0m&amp#27;[32m&amp#27;[1m12&amp#27;[0m&amp#27;[32m registros aparecem na tabela&amp#27;[0m          &amp#27;[90m# com.accenture.challenge.WebTablesSteps.validateDynamicRecords(int)&amp#27;[0m

    Ação delete-record-4 em qa.webtable.1789786955799.0@example.com removeu 12 linha(s)


    Registro já ausente após ação anterior: qa.webtable.1789786955799.1@example.com


    Registro já ausente após ação anterior: qa.webtable.1789786955799.2@example.com


    Registro já ausente após ação anterior: qa.webtable.1789786955799.3@example.com


    Registro já ausente após ação anterior: qa.webtable.1789786955799.4@example.com


    Registro já ausente após ação anterior: qa.webtable.1789786955799.5@example.com


    Registro já ausente após ação anterior: qa.webtable.1789786955799.6@example.com


    Registro já ausente após ação anterior: qa.webtable.1789786955799.7@example.com


    Registro já ausente após ação anterior: qa.webtable.1789786955799.8@example.com


    Registro já ausente após ação anterior: qa.webtable.1789786955799.9@example.com


    Registro já ausente após ação anterior: qa.webtable.1789786955799.10@example.com


    Registro já ausente após ação anterior: qa.webtable.1789786955799.11@example.com

  &amp#27;[32mQuando &amp#27;[0m&amp#27;[32mexcluo todos os registros criados&amp#27;[0m          &amp#27;[90m# com.accenture.challenge.WebTablesSteps.deleteAllCreatedRecords()&amp#27;[0m

    Embedding doze-registros-excluidos-ui-bonus-01 [image/png 89416 bytes]

  &amp#27;[32mEntão &amp#27;[0m&amp#27;[32mnenhum dos &amp#27;[0m&amp#27;[32m&amp#27;[1m12&amp#27;[0m&amp#27;[32m registros permanece na tabela&amp#27;[0m &amp#27;[90m# com.accenture.challenge.WebTablesSteps.validateAllDynamicRecordsDeleted(int)&amp#27;[0m
]]></system-out>
    <system-err><![CDATA[Sep 19, 2026 12:02:30 AM org.openqa.selenium.devtools.CdpVersionFinder findNearestMatch
WARNING: Unable to find an exact match for CDP version 153, returning the closest version; found: 151; Please update to a Selenium version that supports CDP version 153
]]></system-err>
  </testcase>
</testsuite>