<?xml version="1.0" encoding="UTF-8"?>
<testsuite xmlns:xsi="http://www.w3.org/2001/XMLSchema-instance" xsi:noNamespaceSchemaLocation="https://maven.apache.org/surefire/maven-surefire-plugin/xsd/surefire-test-report.xsd" version="3.0.2" name="com.accenture.challenge.ProgressBarTest" time="23.662" tests="1" errors="0" skipped="0" failures="0">
  <properties>
[...]
</properties>
  <testcase name="Parar antes de 25 por cento, concluir e resetar" classname="Controle da Progress Bar" time="22.926">
    <system-out><![CDATA[
@slide-07 @ui @ui-04 @progress-bar
Cenário: Parar antes de 25 por cento, concluir e resetar                       &amp#27;[90m# features/07_progress_bar.feature:5&amp#27;[0m
  &amp#27;[32mDado &amp#27;[0m&amp#27;[32mque acesso Widgets e Progress Bar&amp#27;[0m                                       &amp#27;[90m# com.accenture.challenge.ProgressBarSteps.accessProgressBar()&amp#27;[0m

    Valor observado imediatamente antes do clique em Stop: 10%


    Valor estabilizado depois do clique em Stop: 14%

  &amp#27;[32mQuando &amp#27;[0m&amp#27;[32minicio a barra e solicito a parada antes de &amp#27;[0m&amp#27;[32m&amp#27;[1m25&amp#27;[0m&amp#27;[32m%&amp#27;[0m                       &amp#27;[90m# com.accenture.challenge.ProgressBarSteps.startAndStopBefore(int)&amp#27;[0m

    Embedding 01-barra-parada-ate-25 [image/png 168945 bytes]

  &amp#27;[32mEntão &amp#27;[0m&amp#27;[32ma barra permanece parada com valor maior que &amp#27;[0m&amp#27;[32m&amp#27;[1m0&amp#27;[0m&amp#27;[32m% e menor ou igual a &amp#27;[0m&amp#27;[32m&amp#27;[1m25&amp#27;[0m&amp#27;[32m%&amp#27;[0m &amp#27;[90m# com.accenture.challenge.ProgressBarSteps.validateStoppedValue(int,int)&amp#27;[0m

    Embedding 02-barra-em-100 [image/png 181030 bytes]

  &amp#27;[32mQuando &amp#27;[0m&amp#27;[32minicio a barra novamente e aguardo chegar a &amp#27;[0m&amp#27;[32m&amp#27;[1m100&amp#27;[0m&amp#27;[32m%&amp#27;[0m                      &amp#27;[90m# com.accenture.challenge.ProgressBarSteps.resumeUntilComplete(int)&amp#27;[0m
  &amp#27;[32mE &amp#27;[0m&amp#27;[32mreseto a barra&amp#27;[0m                                                             &amp#27;[90m# com.accenture.challenge.ProgressBarSteps.resetProgressBar()&amp#27;[0m

    Embedding 03-barra-resetada-em-0 [image/png 180687 bytes]

  &amp#27;[32mEntão &amp#27;[0m&amp#27;[32ma barra retorna a &amp#27;[0m&amp#27;[32m&amp#27;[1m0&amp#27;[0m&amp#27;[32m%&amp#27;[0m                                                   &amp#27;[90m# com.accenture.challenge.ProgressBarSteps.validateReset(int)&amp#27;[0m
]]></system-out>
    <system-err><![CDATA[Sep 19, 2026 12:25:13 AM org.openqa.selenium.devtools.CdpVersionFinder findNearestMatch
WARNING: Unable to find an exact match for CDP version 153, returning the closest version; found: 151; Please update to a Selenium version that supports CDP version 153
Sep 19, 2026 12:25:15 AM org.openqa.selenium.devtools.CdpVersionFinder findNearestMatch
WARNING: Unable to find an exact match for CDP version 153, returning the closest version; found: 151; Please update to a Selenium version that supports CDP version 153
]]></system-err>
  </testcase>
</testsuite>