<?xml version="1.0" encoding="UTF-8"?>
<testsuite xmlns:xsi="http://www.w3.org/2001/XMLSchema-instance" xsi:noNamespaceSchemaLocation="https://maven.apache.org/surefire/maven-surefire-plugin/xsd/surefire-test-report.xsd" version="3.0.2" name="com.accenture.challenge.WebTablesBonusTest" time="72.045" tests="2" errors="1" skipped="1" failures="0">
  <properties>
[...]
</properties>
  <testcase name="Criar, editar e excluir o mesmo registro" classname="Manutenção de registros em Web Tables" time="0.0">
    <skipped message="&apos;cucumber.filter.tags=@ui-bonus-01&apos; did not match this scenario"/>
  </testcase>
  <testcase name="Criar e excluir doze registros dinâmicos" classname="Manutenção de registros em Web Tables" time="71.21">
    <error message="Expected condition failed: waiting for com.accenture.challenge.ui.WebTablesPage$$Lambda/0x0000016f013555f0@6500e886&#10;(tried for 15 seconds with 500 milliseconds interval)&#10;Build info: version: &apos;4.47.0&apos;, revision: &apos;9175ed9 9175ed94d83e87cc3abeb7c9fd91367d17849d35&apos;&#10;System info: os.name: &apos;Windows 11&apos;, os.arch: &apos;amd64&apos;, os.version: &apos;10.0&apos;, java.version: &apos;23.0.1&apos;&#10;Driver info: org.openqa.selenium.chrome.ChromeDriver&#10;Capabilities {acceptInsecureCerts: false, browserName: chrome, browserVersion: 153.0.8010.47, chrome: {chromedriverVersion: 153.0.8010.52 (78e5e45d4bb4..., userDataDir: C:\Users\Allan\AppData\Loca...}, fedcm:accounts: true, goog:chromeOptions: {debuggerAddress: localhost:50061}, goog:processID: 19496, networkConnectionEnabled: false, pageLoadStrategy: normal, platformName: windows, proxy: Proxy(), se:cdp: ws://localhost:50061/devtoo..., se:cdpVersion: 153.0.8010.47, setWindowRect: true, strictFileInteractability: false, timeouts: {implicit: 0, pageLoad: 300000, script: 30000}, unhandledPromptBehavior: dismiss and notify, webauthn:extension:cmtgKey: true, webauthn:extension:credBlob: true, webauthn:extension:largeBlob: true, webauthn:extension:minPinLength: true, webauthn:extension:prf: true, webauthn:virtualAuthenticators: true}&#10;Session ID: 1f043b2b2eb3d469b52aaa548a881276" type="org.openqa.selenium.TimeoutException"><![CDATA[org.openqa.selenium.TimeoutException: 
Expected condition failed: waiting for com.accenture.challenge.ui.WebTablesPage$$Lambda/0x0000016f013555f0@6500e886
(tried for 15 seconds with 500 milliseconds interval)
Build info: version: '4.47.0', revision: '9175ed9 9175ed94d83e87cc3abeb7c9fd91367d17849d35'
System info: os.name: 'Windows 11', os.arch: 'amd64', os.version: '10.0', java.version: '23.0.1'
Driver info: org.openqa.selenium.chrome.ChromeDriver
Capabilities {acceptInsecureCerts: false, browserName: chrome, browserVersion: 153.0.8010.47, chrome: {chromedriverVersion: 153.0.8010.52 (78e5e45d4bb4..., userDataDir: C:\Users\Allan\AppData\Loca...}, fedcm:accounts: true, goog:chromeOptions: {debuggerAddress: localhost:50061}, goog:processID: 19496, networkConnectionEnabled: false, pageLoadStrategy: normal, platformName: windows, proxy: Proxy(), se:cdp: ws://localhost:50061/devtoo..., se:cdpVersion: 153.0.8010.47, setWindowRect: true, strictFileInteractability: false, timeouts: {implicit: 0, pageLoad: 300000, script: 30000}, unhandledPromptBehavior: dismiss and notify, webauthn:extension:cmtgKey: true, webauthn:extension:credBlob: true, webauthn:extension:largeBlob: true, webauthn:extension:minPinLength: true, webauthn:extension:prf: true, webauthn:virtualAuthenticators: true}
Session ID: 1f043b2b2eb3d469b52aaa548a881276
	at org.openqa.selenium.support.ui.WebDriverWait.timeoutException(WebDriverWait.java:85)
	at org.openqa.selenium.support.ui.FluentWait.until(FluentWait.java:234)
	at com.accenture.challenge.ui.WebTablesPage.delete(WebTablesPage.java:53)
	at com.accenture.challenge.WebTablesSteps.deleteAllCreatedRecords(WebTablesSteps.java:167)
	at ✽.excluo todos os registros criados(classpath:features/06_web_tables.feature:20)
]]></error>
    <system-out><![CDATA[
@slide-06 @web-tables @ui-bonus-01
Cenário: Criar e excluir doze registros dinâmicos   &amp#27;[90m# features/06_web_tables.feature:16&amp#27;[0m
  &amp#27;[32mDado &amp#27;[0m&amp#27;[32mque acesso Elements e Web Tables&amp#27;[0m             &amp#27;[90m# com.accenture.challenge.WebTablesSteps.accessWebTables()&amp#27;[0m

    Semente dos dados: 1789786743203


    Registros criados dinamicamente: 12

  &amp#27;[32mQuando &amp#27;[0m&amp#27;[32mcrio &amp#27;[0m&amp#27;[32m&amp#27;[1m12&amp#27;[0m&amp#27;[32m registros com dados únicos&amp#27;[0m         &amp#27;[90m# com.accenture.challenge.WebTablesSteps.createDynamicRecords(int)&amp#27;[0m

    Embedding doze-registros-criados-ui-bonus-01 [image/png 132447 bytes]

  &amp#27;[32mEntão &amp#27;[0m&amp#27;[32mos &amp#27;[0m&amp#27;[32m&amp#27;[1m12&amp#27;[0m&amp#27;[32m registros aparecem na tabela&amp#27;[0m          &amp#27;[90m# com.accenture.challenge.WebTablesSteps.validateDynamicRecords(int)&amp#27;[0m

    Excluindo registro do bônus: qa.webtable.1789786743203.0@example.com

  &amp#27;[31mQuando &amp#27;[0m&amp#27;[31mexcluo todos os registros criados&amp#27;[0m          &amp#27;[90m# com.accenture.challenge.WebTablesSteps.deleteAllCreatedRecords()&amp#27;[0m
      &amp#27;[31morg.openqa.selenium.TimeoutException: Expected condition failed: waiting for com.accenture.challenge.ui.WebTablesPage$$Lambda/0x0000016f013555f0@6500e886
(tried for 15 seconds with 500 milliseconds interval)
Build info: version: '4.47.0', revision: '9175ed9 9175ed94d83e87cc3abeb7c9fd91367d17849d35'
System info: os.name: 'Windows 11', os.arch: 'amd64', os.version: '10.0', java.version: '23.0.1'
Driver info: org.openqa.selenium.chrome.ChromeDriver
Capabilities {acceptInsecureCerts: false, browserName: chrome, browserVersion: 153.0.8010.47, chrome: {chromedriverVersion: 153.0.8010.52 (78e5e45d4bb4..., userDataDir: C:\Users\Allan\AppData\Loca...}, fedcm:accounts: true, goog:chromeOptions: {debuggerAddress: localhost:50061}, goog:processID: 19496, networkConnectionEnabled: false, pageLoadStrategy: normal, platformName: windows, proxy: Proxy(), se:cdp: ws://localhost:50061/devtoo..., se:cdpVersion: 153.0.8010.47, setWindowRect: true, strictFileInteractability: false, timeouts: {implicit: 0, pageLoad: 300000, script: 30000}, unhandledPromptBehavior: dismiss and notify, webauthn:extension:cmtgKey: true, webauthn:extension:credBlob: true, webauthn:extension:largeBlob: true, webauthn:extension:minPinLength: true, webauthn:extension:prf: true, webauthn:virtualAuthenticators: true}
Session ID: 1f043b2b2eb3d469b52aaa548a881276
	at org.openqa.selenium.support.ui.WebDriverWait.timeoutException(WebDriverWait.java:85)
	at org.openqa.selenium.support.ui.FluentWait.until(FluentWait.java:234)
	at com.accenture.challenge.ui.WebTablesPage.delete(WebTablesPage.java:53)
	at com.accenture.challenge.WebTablesSteps.deleteAllCreatedRecords(WebTablesSteps.java:167)
	at ✽.excluo todos os registros criados(classpath:features/06_web_tables.feature:20)
&amp#27;[0m
  &amp#27;[36mEntão &amp#27;[0m&amp#27;[36mnenhum dos &amp#27;[0m&amp#27;[36m&amp#27;[1m12&amp#27;[0m&amp#27;[36m registros permanece na tabela&amp#27;[0m &amp#27;[90m# com.accenture.challenge.WebTablesSteps.validateAllDynamicRecordsDeleted(int)&amp#27;[0m

    Embedding falha-web-tables [image/png 89165 bytes]

]]></system-out>
    <system-err><![CDATA[Sep 18, 2026 11:58:59 PM org.openqa.selenium.devtools.CdpVersionFinder findNearestMatch
WARNING: Unable to find an exact match for CDP version 153, returning the closest version; found: 151; Please update to a Selenium version that supports CDP version 153
]]></system-err>
  </testcase>
</testsuite>