<?xml version="1.0" encoding="UTF-8"?>
<testsuite xmlns:xsi="http://www.w3.org/2001/XMLSchema-instance" xsi:noNamespaceSchemaLocation="https://maven.apache.org/surefire/maven-surefire-plugin/xsd/surefire-test-report.xsd" version="3.0.2" name="com.accenture.challenge.ApiFlowTest" time="1.825" tests="1" errors="1" skipped="0" failures="0">
  <properties>
[...]
</properties>
  <testcase name="Associar dois livros distintos a um usuário autorizado" classname="Reserva de livros pela API" time="1.108">
    <error message="Cannot serialize object because no JSON serializer found in classpath. Please put Jackson (Databind), Gson, Johnzon, or Yasson in the classpath." type="java.lang.IllegalStateException"><![CDATA[java.lang.IllegalStateException: Cannot serialize object because no JSON serializer found in classpath. Please put Jackson (Databind), Gson, Johnzon, or Yasson in the classpath.
	at java.base/java.lang.reflect.Constructor.newInstanceWithCaller(Constructor.java:501)
	at java.base/java.lang.reflect.Constructor.newInstance(Constructor.java:485)
	at org.codehaus.groovy.reflection.CachedConstructor.invoke(CachedConstructor.java:73)
	at org.codehaus.groovy.runtime.callsite.ConstructorSite$ConstructorSiteNoUnwrapNoCoerce.callConstructor(ConstructorSite.java:108)
	at org.codehaus.groovy.runtime.callsite.CallSiteArray.defaultCallConstructor(CallSiteArray.java:57)
	at org.codehaus.groovy.runtime.callsite.AbstractCallSite.callConstructor(AbstractCallSite.java:263)
	at org.codehaus.groovy.runtime.callsite.AbstractCallSite.callConstructor(AbstractCallSite.java:277)
	at io.restassured.internal.mapping.ObjectMapping.serialize(ObjectMapping.groovy:164)
	at io.restassured.internal.mapping.ObjectMapping$serialize.call(Unknown Source)
	at org.codehaus.groovy.runtime.callsite.CallSiteArray.defaultCall(CallSiteArray.java:45)
	at org.codehaus.groovy.runtime.callsite.AbstractCallSite.call(AbstractCallSite.java:125)
	at io.restassured.internal.RequestSpecificationImpl.body(RequestSpecificationImpl.groovy:770)
	at com.accenture.challenge.ApiSteps.createUniqueUser(ApiSteps.java:38)
	at ✽.que crio um usuário exclusivo(classpath:features/03_api.feature:6)
]]></error>
    <system-out><![CDATA[
@slide-03 @api-01
Cenário: Associar dois livros distintos a um usuário autorizado   &amp#27;[90m# features/03_api.feature:5&amp#27;[0m
  &amp#27;[31mDado &amp#27;[0m&amp#27;[31mque crio um usuário exclusivo&amp#27;[0m                              &amp#27;[90m# com.accenture.challenge.ApiSteps.createUniqueUser()&amp#27;[0m
      &amp#27;[31mjava.lang.IllegalStateException: Cannot serialize object because no JSON serializer found in classpath. Please put Jackson (Databind), Gson, Johnzon, or Yasson in the classpath.
	at java.base/jdk.internal.reflect.DirectConstructorHandleAccessor.newInstance(DirectConstructorHandleAccessor.java:62)
	at java.base/java.lang.reflect.Constructor.newInstanceWithCaller(Constructor.java:501)
	at java.base/java.lang.reflect.Constructor.newInstance(Constructor.java:485)
	at org.codehaus.groovy.reflection.CachedConstructor.invoke(CachedConstructor.java:73)
	at org.codehaus.groovy.runtime.callsite.ConstructorSite$ConstructorSiteNoUnwrapNoCoerce.callConstructor(ConstructorSite.java:108)
	at org.codehaus.groovy.runtime.callsite.CallSiteArray.defaultCallConstructor(CallSiteArray.java:57)
	at org.codehaus.groovy.runtime.callsite.AbstractCallSite.callConstructor(AbstractCallSite.java:263)
	at org.codehaus.groovy.runtime.callsite.AbstractCallSite.callConstructor(AbstractCallSite.java:277)
	at io.restassured.internal.mapping.ObjectMapping.serialize(ObjectMapping.groovy:164)
	at io.restassured.internal.mapping.ObjectMapping$serialize.call(Unknown Source)
	at org.codehaus.groovy.runtime.callsite.CallSiteArray.defaultCall(CallSiteArray.java:45)
	at org.codehaus.groovy.runtime.callsite.AbstractCallSite.call(AbstractCallSite.java:125)
	at io.restassured.internal.RequestSpecificationImpl.body(RequestSpecificationImpl.groovy:770)
	at com.accenture.challenge.ApiSteps.createUniqueUser(ApiSteps.java:38)
	at ✽.que crio um usuário exclusivo(classpath:features/03_api.feature:6)
&amp#27;[0m
  &amp#27;[36mQuando &amp#27;[0m&amp#27;[36mgero um token para o usuário&amp#27;[0m                             &amp#27;[90m# com.accenture.challenge.ApiSteps.generateToken()&amp#27;[0m
  &amp#27;[36mEntão &amp#27;[0m&amp#27;[36mo usuário está autorizado&amp#27;[0m                                 &amp#27;[90m# com.accenture.challenge.ApiSteps.confirmAuthorization()&amp#27;[0m
  &amp#27;[36mQuando &amp#27;[0m&amp#27;[36mconsulto o catálogo de livros&amp#27;[0m                            &amp#27;[90m# com.accenture.challenge.ApiSteps.listCatalog()&amp#27;[0m
  &amp#27;[36mE &amp#27;[0m&amp#27;[36massocio dois livros distintos do catálogo ao usuário&amp#27;[0m          &amp#27;[90m# com.accenture.challenge.ApiSteps.associateSelectedBooks()&amp#27;[0m
  &amp#27;[36mEntão &amp#27;[0m&amp#27;[36ma consulta do usuário apresenta os dois livros escolhidos&amp#27;[0m &amp#27;[90m# com.accenture.challenge.ApiSteps.queryUserWithSelectedBooks()&amp#27;[0m
]]></system-out>
  </testcase>
</testsuite>